[2026-05-18 09:09:02] [INFO]	Loading Database at C:\Users\TritonSupreme\Documents\__Code\MineRail Valley\assets
[2026-05-18 09:09:02] [INFO]	Asset at Fonts\LiberationSans.ttf
[2026-05-18 09:09:02] [INFO]	Asset at PallasEngine\Bootstrap.png
[2026-05-18 09:09:02] [INFO]	Asset at PallasEngine\DEFAULT.png
[2026-05-18 09:09:02] [INFO]	Asset at Textures\Test.jpg
[2026-05-18 09:09:02] [INFO]	Asset at Textures\water.png
[2026-05-18 09:09:02] [INFO]	Asset at UI\Button.png
[2026-05-18 09:09:02] [INFO]	Asset at UI\Button_clicked.png
[2026-05-18 09:09:02] [INFO]	Asset at UI\Button_hover.png
[2026-05-18 09:09:02] [INFO]	Asset at UI\Loading_bar_frame.png
[2026-05-18 09:09:02] [INFO]	Asset at UI\Loading_bar_inner.png
[2026-05-18 09:09:02] [INFO]	Asset at UI\Progress_pivot.png
[2026-05-18 09:09:02] [INFO]	Found 11 assets.
[2026-05-18 09:09:02] [INFO]	class pallas::TextureAsset.Load(): Loading asset: PallasEngine\DEFAULT.png
[2026-05-18 09:09:02] [INFO]	class pallas::TextureAsset.Load(): Loading asset: UI\Loading_bar_frame.png
[2026-05-18 09:09:02] [INFO]	class pallas::TextureAsset.Load(): Loading asset: UI\Loading_bar_inner.png
[2026-05-18 09:09:02] [INFO]	class pallas::TextureAsset.Load(): Loading asset: UI\Progress_pivot.png
[2026-05-18 09:09:02] [INFO]	class pallas::TextureAsset.Unload(): UI\Loading_bar_frame.png
[2026-05-18 09:09:02] [INFO]	class pallas::TextureAsset.Unload(): UI\Loading_bar_inner.png
[2026-05-18 09:09:02] [INFO]	class pallas::TextureAsset.Unload(): UI\Progress_pivot.png
[2026-05-18 09:09:02] [INFO]	class pallas::TextureAsset.Load(): Loading asset: UI\Loading_bar_frame.png
[2026-05-18 09:09:02] [INFO]	class pallas::TextureAsset.Load(): Loading asset: UI\Loading_bar_inner.png
[2026-05-18 09:09:02] [INFO]	class pallas::TextureAsset.Load(): Loading asset: UI\Progress_pivot.png
[2026-05-18 09:09:02] [INFO]	class pallas::TextureAsset.Unload(): UI\Loading_bar_frame.png
[2026-05-18 09:09:02] [INFO]	class pallas::TextureAsset.Unload(): UI\Loading_bar_inner.png
[2026-05-18 09:09:02] [INFO]	class pallas::TextureAsset.Unload(): UI\Progress_pivot.png
[2026-05-18 09:09:02] [INFO]	class pallas::TextureAsset.Load(): Loading asset: UI\Loading_bar_frame.png
[2026-05-18 09:09:02] [INFO]	class pallas::TextureAsset.Load(): Loading asset: UI\Loading_bar_inner.png
[2026-05-18 09:09:02] [INFO]	class pallas::TextureAsset.Load(): Loading asset: UI\Progress_pivot.png
[2026-05-18 09:09:02] [INFO]	class pallas::TextureAsset.Load(): Loading asset: Textures\water.png
[2026-05-18 09:09:02] [INFO]	class pallas::TextureAsset.Unload(): UI\Loading_bar_frame.png
[2026-05-18 09:09:02] [INFO]	class pallas::TextureAsset.Unload(): UI\Loading_bar_inner.png
[2026-05-18 09:09:02] [INFO]	class pallas::TextureAsset.Unload(): UI\Progress_pivot.png
[2026-05-18 09:09:08] [INFO]	class pallas::TextureAsset.Unload(): PallasEngine\DEFAULT.png
[2026-05-18 09:09:08] [INFO]	Unloading AssetDatabase...
[2026-05-18 09:09:08] [INFO]	class pallas::IObjectAsset<class sf::Texture>.Unload(): UI\Button_hover.png
[2026-05-18 09:09:08] [INFO]	class pallas::IObjectAsset<class sf::Font>.Unload(): Fonts\LiberationSans.ttf
[2026-05-18 09:09:08] [INFO]	class pallas::IObjectAsset<class sf::Texture>.Unload(): PallasEngine\Bootstrap.png
[2026-05-18 09:09:08] [INFO]	class pallas::IObjectAsset<class sf::Texture>.Unload(): PallasEngine\DEFAULT.png
[2026-05-18 09:09:08] [INFO]	class pallas::IObjectAsset<class sf::Texture>.Unload(): UI\Button_clicked.png
[2026-05-18 09:09:08] [INFO]	class pallas::IObjectAsset<class sf::Texture>.Unload(): Textures\Test.jpg
[2026-05-18 09:09:08] [WARN]	class pallas::IObjectAsset<class sf::Texture>DecrementRefCount(): Forced to 0 but there was still 25 reference. Textures\water.png
[2026-05-18 09:09:08] [INFO]	class pallas::IObjectAsset<class sf::Texture>.Unload(): Textures\water.png
[2026-05-18 09:09:08] [INFO]	class pallas::IObjectAsset<class sf::Texture>.Unload(): UI\Button.png
[2026-05-18 09:09:08] [INFO]	class pallas::IObjectAsset<class sf::Texture>.Unload(): UI\Loading_bar_frame.png
[2026-05-18 09:09:08] [INFO]	class pallas::IObjectAsset<class sf::Texture>.Unload(): UI\Loading_bar_inner.png
[2026-05-18 09:09:08] [INFO]	class pallas::IObjectAsset<class sf::Texture>.Unload(): UI\Progress_pivot.png
[2026-05-18 09:09:08] [INFO]	AssetDatabase unloaded.
